{"/mnt/c/Code/holochhain-hht/client/src/app/store.ts": {"path":"/mnt/c/Code/holochhain-hht/client/src/app/store.ts","statementMap":{"0":{"start":{"line":1,"column":0},"end":{"line":1,"column":71}},"1":{"start":{"line":4,"column":0},"end":{"line":4,"column":48}},"2":{"start":{"line":5,"column":0},"end":{"line":5,"column":48}},"3":{"start":{"line":6,"column":0},"end":{"line":6,"column":44}},"4":{"start":{"line":7,"column":0},"end":{"line":7,"column":48}},"5":{"start":{"line":9,"column":0},"end":{"line":9,"column":63}},"6":{"start":{"line":10,"column":0},"end":{"line":10,"column":41}},"7":{"start":{"line":12,"column":13},"end":{"line":23,"column":3}},"8":{"start":{"line":20,"column":4},"end":{"line":22,"column":46}}},"fnMap":{"0":{"name":"(anonymous_0)","decl":{"start":{"line":19,"column":14},"end":{"line":19,"column":15}},"loc":{"start":{"line":20,"column":4},"end":{"line":22,"column":46}}}},"branchMap":{},"s":{"0":1,"1":1,"2":1,"3":1,"4":1,"5":1,"6":1,"7":1,"8":1},"f":{"0":1},"b":{}}
,"/mnt/c/Code/holochhain-hht/client/src/features/user/actions.ts": {"path":"/mnt/c/Code/holochhain-hht/client/src/features/user/actions.ts","statementMap":{"0":{"start":{"line":1,"column":0},"end":{"line":1,"column":34}},"1":{"start":{"line":2,"column":0},"end":{"line":2,"column":72}},"2":{"start":{"line":4,"column":0},"end":{"line":4,"column":77}},"3":{"start":{"line":6,"column":26},"end":{"line":19,"column":5}},"4":{"start":{"line":8,"column":2},"end":{"line":8,"column":null}},"5":{"start":{"line":9,"column":2},"end":{"line":9,"column":null}},"6":{"start":{"line":11,"column":2},"end":{"line":19,"column":5}},"7":{"start":{"line":27,"column":9},"end":{"line":27,"column":26}},"8":{"start":{"line":21,"column":26},"end":{"line":22,"column":60}},"9":{"start":{"line":22,"column":2},"end":{"line":22,"column":60}},"10":{"start":{"line":27,"column":28},"end":{"line":27,"column":45}},"11":{"start":{"line":24,"column":27},"end":{"line":25,"column":60}},"12":{"start":{"line":25,"column":2},"end":{"line":25,"column":60}},"13":{"start":{"line":27,"column":47},"end":{"line":27,"column":65}}},"fnMap":{"0":{"name":"(anonymous_0)","decl":{"start":{"line":6,"column":26},"end":{"line":6,"column":null}},"loc":{"start":{"line":10,"column":4},"end":{"line":19,"column":5}}},"1":{"name":"(anonymous_1)","decl":{"start":{"line":21,"column":26},"end":{"line":21,"column":27}},"loc":{"start":{"line":22,"column":2},"end":{"line":22,"column":60}}},"2":{"name":"(anonymous_2)","decl":{"start":{"line":24,"column":27},"end":{"line":24,"column":28}},"loc":{"start":{"line":25,"column":2},"end":{"line":25,"column":60}}}},"branchMap":{"0":{"loc":{"start":{"line":8,"column":2},"end":{"line":8,"column":null}},"type":"if","locations":[{"start":{"line":8,"column":2},"end":{"line":8,"column":null}},{"start":{"line":8,"column":2},"end":{"line":8,"column":null}}]},"1":{"loc":{"start":{"line":9,"column":2},"end":{"line":9,"column":null}},"type":"if","locations":[{"start":{"line":9,"column":2},"end":{"line":9,"column":null}},{"start":{"line":9,"column":2},"end":{"line":9,"column":null}}]},"2":{"loc":{"start":{"line":9,"column":2},"end":{"line":9,"column":61}},"type":"cond-expr","locations":[{"start":{"line":9,"column":47},"end":{"line":9,"column":49}},{"start":{"line":9,"column":47},"end":{"line":9,"column":61}}]},"3":{"loc":{"start":{"line":9,"column":2},"end":{"line":9,"column":49}},"type":"binary-expr","locations":[{"start":{"line":9,"column":2},"end":{"line":9,"column":49}},{"start":{"line":9,"column":47},"end":{"line":9,"column":49}}]},"4":{"loc":{"start":{"line":9,"column":25},"end":{"line":9,"column":47}},"type":"cond-expr","locations":[{"start":{"line":9,"column":41},"end":{"line":9,"column":43}},{"start":{"line":9,"column":41},"end":{"line":9,"column":47}}]},"5":{"loc":{"start":{"line":9,"column":25},"end":{"line":9,"column":43}},"type":"binary-expr","locations":[{"start":{"line":9,"column":25},"end":{"line":9,"column":43}},{"start":{"line":9,"column":41},"end":{"line":9,"column":43}}]}},"s":{"0":1,"1":1,"2":1,"3":1,"4":1,"5":2,"6":1,"7":1,"8":1,"9":0,"10":1,"11":1,"12":0,"13":1},"f":{"0":1,"1":0,"2":0},"b":{"0":[0,1],"1":[1,0],"2":[0,1],"3":[1,1],"4":[0,1],"5":[1,1]}}
,"/mnt/c/Code/holochhain-hht/client/src/features/user/reducer.ts": {"path":"/mnt/c/Code/holochhain-hht/client/src/features/user/reducer.ts","statementMap":{"0":{"start":{"line":1,"column":0},"end":{"line":1,"column":66}},"1":{"start":{"line":4,"column":0},"end":{"line":4,"column":79}},"2":{"start":{"line":5,"column":0},"end":{"line":5,"column":66}},"3":{"start":{"line":6,"column":0},"end":{"line":6,"column":47}},"4":{"start":{"line":7,"column":0},"end":{"line":7,"column":37}},"5":{"start":{"line":9,"column":13},"end":{"line":11,"column":2}},"6":{"start":{"line":13,"column":13},"end":{"line":97,"column":3}},"7":{"start":{"line":18,"column":4},"end":{"line":36,"column":6}},"8":{"start":{"line":24,"column":12},"end":{"line":24,"column":18}},"9":{"start":{"line":25,"column":8},"end":{"line":33,"column":null}},"10":{"start":{"line":37,"column":4},"end":{"line":46,"column":6}},"11":{"start":{"line":43,"column":12},"end":{"line":43,"column":18}},"12":{"start":{"line":44,"column":8},"end":{"line":44,"column":21}},"13":{"start":{"line":47,"column":4},"end":{"line":85,"column":6}},"14":{"start":{"line":53,"column":12},"end":{"line":53,"column":18}},"15":{"start":{"line":54,"column":31},"end":{"line":54,"column":78}},"16":{"start":{"line":56,"column":10},"end":{"line":57,"column":25}},"17":{"start":{"line":58,"column":8},"end":{"line":62,"column":10}},"18":{"start":{"line":63,"column":31},"end":{"line":63,"column":47}},"19":{"start":{"line":64,"column":8},"end":{"line":82,"column":null}},"20":{"start":{"line":70,"column":16},"end":{"line":79,"column":18}},"21":{"start":{"line":86,"column":4},"end":{"line":95,"column":6}},"22":{"start":{"line":92,"column":12},"end":{"line":92,"column":18}},"23":{"start":{"line":93,"column":8},"end":{"line":93,"column":21}},"24":{"start":{"line":99,"column":0},"end":{"line":99,"column":33}}},"fnMap":{"0":{"name":"(anonymous_0)","decl":{"start":{"line":17,"column":17},"end":{"line":17,"column":18}},"loc":{"start":{"line":17,"column":29},"end":{"line":96,"column":3}}},"1":{"name":"(anonymous_1)","decl":{"start":{"line":20,"column":6},"end":{"line":20,"column":7}},"loc":{"start":{"line":20,"column":24},"end":{"line":35,"column":7}}},"2":{"name":"(anonymous_2)","decl":{"start":{"line":39,"column":6},"end":{"line":39,"column":7}},"loc":{"start":{"line":39,"column":24},"end":{"line":45,"column":7}}},"3":{"name":"(anonymous_3)","decl":{"start":{"line":49,"column":6},"end":{"line":49,"column":7}},"loc":{"start":{"line":49,"column":24},"end":{"line":84,"column":7}}},"4":{"name":"(anonymous_4)","decl":{"start":{"line":69,"column":14},"end":{"line":69,"column":15}},"loc":{"start":{"line":69,"column":72},"end":{"line":80,"column":15}}},"5":{"name":"(anonymous_5)","decl":{"start":{"line":88,"column":6},"end":{"line":88,"column":7}},"loc":{"start":{"line":88,"column":24},"end":{"line":94,"column":7}}}},"branchMap":{"0":{"loc":{"start":{"line":30,"column":22},"end":{"line":30,"column":62}},"type":"binary-expr","locations":[{"start":{"line":30,"column":22},"end":{"line":30,"column":44}},{"start":{"line":30,"column":48},"end":{"line":30,"column":62}}]},"1":{"loc":{"start":{"line":56,"column":10},"end":{"line":57,"column":25}},"type":"binary-expr","locations":[{"start":{"line":56,"column":10},"end":{"line":56,"column":72}},{"start":{"line":57,"column":10},"end":{"line":57,"column":25}}]},"2":{"loc":{"start":{"line":75,"column":30},"end":{"line":75,"column":59}},"type":"binary-expr","locations":[{"start":{"line":75,"column":30},"end":{"line":75,"column":43}},{"start":{"line":75,"column":47},"end":{"line":75,"column":59}}]}},"s":{"0":1,"1":1,"2":1,"3":1,"4":1,"5":1,"6":1,"7":1,"8":0,"9":0,"10":1,"11":0,"12":0,"13":1,"14":0,"15":0,"16":0,"17":0,"18":0,"19":0,"20":0,"21":1,"22":0,"23":0,"24":1},"f":{"0":1,"1":0,"2":0,"3":0,"4":0,"5":0},"b":{"0":[0,0],"1":[0,0],"2":[0,0]}}
,"/mnt/c/Code/holochhain-hht/client/src/features/user/components/Profiles/ProfileCard.tsx": {"path":"/mnt/c/Code/holochhain-hht/client/src/features/user/components/Profiles/ProfileCard.tsx","statementMap":{"0":{"start":{"line":1,"column":0},"end":{"line":1,"column":26}},"1":{"start":{"line":14,"column":73},"end":{"line":66,"column":1}},"2":{"start":{"line":23,"column":23},"end":{"line":23,"column":52}},"3":{"start":{"line":24,"column":23},"end":{"line":30,"column":3}},"4":{"start":{"line":25,"column":4},"end":{"line":25,"column":67}},"5":{"start":{"line":26,"column":4},"end":{"line":29,"column":75}},"6":{"start":{"line":32,"column":2},"end":{"line":65,"column":4}},"7":{"start":{"line":14,"column":13},"end":{"line":14,"column":73}}},"fnMap":{"0":{"name":"(anonymous_0)","decl":{"start":{"line":14,"column":73},"end":{"line":14,"column":74}},"loc":{"start":{"line":22,"column":5},"end":{"line":66,"column":1}}},"1":{"name":"(anonymous_1)","decl":{"start":{"line":24,"column":23},"end":{"line":24,"column":24}},"loc":{"start":{"line":24,"column":34},"end":{"line":30,"column":3}}}},"branchMap":{"0":{"loc":{"start":{"line":23,"column":24},"end":{"line":23,"column":51}},"type":"cond-expr","locations":[{"start":{"line":23,"column":43},"end":{"line":23,"column":45}},{"start":{"line":23,"column":43},"end":{"line":23,"column":51}}]},"1":{"loc":{"start":{"line":23,"column":24},"end":{"line":23,"column":45}},"type":"binary-expr","locations":[{"start":{"line":23,"column":24},"end":{"line":23,"column":45}},{"start":{"line":23,"column":43},"end":{"line":23,"column":45}}]},"2":{"loc":{"start":{"line":23,"column":24},"end":{"line":23,"column":43}},"type":"cond-expr","locations":[{"start":{"line":23,"column":35},"end":{"line":23,"column":37}},{"start":{"line":23,"column":24},"end":{"line":23,"column":43}}]},"3":{"loc":{"start":{"line":23,"column":24},"end":{"line":23,"column":37}},"type":"binary-expr","locations":[{"start":{"line":23,"column":24},"end":{"line":23,"column":37}},{"start":{"line":23,"column":24},"end":{"line":23,"column":37}}]},"4":{"loc":{"start":{"line":25,"column":4},"end":{"line":25,"column":66}},"type":"binary-expr","locations":[{"start":{"line":25,"column":4},"end":{"line":25,"column":18}},{"start":{"line":25,"column":22},"end":{"line":25,"column":66}}]},"5":{"loc":{"start":{"line":26,"column":4},"end":{"line":29,"column":74}},"type":"cond-expr","locations":[{"start":{"line":27,"column":8},"end":{"line":27,"column":70}},{"start":{"line":28,"column":8},"end":{"line":29,"column":74}}]},"6":{"loc":{"start":{"line":28,"column":8},"end":{"line":29,"column":74}},"type":"binary-expr","locations":[{"start":{"line":28,"column":8},"end":{"line":28,"column":22}},{"start":{"line":29,"column":6},"end":{"line":29,"column":74}}]},"7":{"loc":{"start":{"line":34,"column":7},"end":{"line":62,"column":null}},"type":"cond-expr","locations":[{"start":{"line":35,"column":8},"end":{"line":52,"column":null}},{"start":{"line":55,"column":8},"end":{"line":61,"column":null}}]},"8":{"loc":{"start":{"line":41,"column":22},"end":{"line":41,"column":43}},"type":"cond-expr","locations":[{"start":{"line":41,"column":33},"end":{"line":41,"column":35}},{"start":{"line":41,"column":22},"end":{"line":41,"column":43}}]},"9":{"loc":{"start":{"line":41,"column":22},"end":{"line":41,"column":35}},"type":"binary-expr","locations":[{"start":{"line":41,"column":22},"end":{"line":41,"column":35}},{"start":{"line":41,"column":22},"end":{"line":41,"column":35}}]},"10":{"loc":{"start":{"line":59,"column":42},"end":{"line":59,"column":68}},"type":"cond-expr","locations":[{"start":{"line":59,"column":60},"end":{"line":59,"column":62}},{"start":{"line":59,"column":60},"end":{"line":59,"column":68}}]},"11":{"loc":{"start":{"line":59,"column":42},"end":{"line":59,"column":62}},"type":"binary-expr","locations":[{"start":{"line":59,"column":42},"end":{"line":59,"column":62}},{"start":{"line":59,"column":60},"end":{"line":59,"column":62}}]},"12":{"loc":{"start":{"line":61,"column":17},"end":{"line":61,"column":38}},"type":"cond-expr","locations":[{"start":{"line":61,"column":28},"end":{"line":61,"column":30}},{"start":{"line":61,"column":17},"end":{"line":61,"column":38}}]},"13":{"loc":{"start":{"line":61,"column":17},"end":{"line":61,"column":30}},"type":"binary-expr","locations":[{"start":{"line":61,"column":17},"end":{"line":61,"column":30}},{"start":{"line":61,"column":17},"end":{"line":61,"column":30}}]}},"s":{"0":1,"1":1,"2":29,"3":29,"4":20,"5":20,"6":29,"7":1},"f":{"0":29,"1":20},"b":{"0":[0,29],"1":[29,29],"2":[0,29],"3":[29,29],"4":[20,20],"5":[20,0],"6":[0,0],"7":[27,2],"8":[0,27],"9":[27,27],"10":[0,2],"11":[2,2],"12":[0,2],"13":[2,2]}}
,"/mnt/c/Code/holochhain-hht/client/src/features/user/components/Profiles/testImage.ts": {"path":"/mnt/c/Code/holochhain-hht/client/src/features/user/components/Profiles/testImage.ts","statementMap":{"0":{"start":{"line":1,"column":13},"end":{"line":2,"column":244117}}},"fnMap":{},"branchMap":{},"s":{"0":1},"f":{},"b":{}}
,"/mnt/c/Code/holochhain-hht/client/src/services/zomeApis.ts": {"path":"/mnt/c/Code/holochhain-hht/client/src/services/zomeApis.ts","statementMap":{"0":{"start":{"line":4,"column":0},"end":{"line":4,"column":62}},"1":{"start":{"line":12,"column":0},"end":{"line":12,"column":null}},"2":{"start":{"line":13,"column":2},"end":{"line":13,"column":null}},"3":{"start":{"line":14,"column":2},"end":{"line":14,"column":null}},"4":{"start":{"line":17,"column":0},"end":{"line":17,"column":null}},"5":{"start":{"line":18,"column":2},"end":{"line":18,"column":null}},"6":{"start":{"line":19,"column":2},"end":{"line":19,"column":null}},"7":{"start":{"line":20,"column":2},"end":{"line":20,"column":null}},"8":{"start":{"line":21,"column":2},"end":{"line":21,"column":null}},"9":{"start":{"line":22,"column":2},"end":{"line":22,"column":null}},"10":{"start":{"line":25,"column":19},"end":{"line":25,"column":49}},"11":{"start":{"line":27,"column":0},"end":{"line":34,"column":null}},"12":{"start":{"line":28,"column":2},"end":{"line":33,"column":null}},"13":{"start":{"line":29,"column":4},"end":{"line":32,"column":6}},"14":{"start":{"line":36,"column":0},"end":{"line":43,"column":null}},"15":{"start":{"line":37,"column":2},"end":{"line":42,"column":null}},"16":{"start":{"line":38,"column":4},"end":{"line":41,"column":6}},"17":{"start":{"line":45,"column":0},"end":{"line":45,"column":20}}},"fnMap":{"0":{"name":"(anonymous_0)","decl":{"start":{"line":12,"column":0},"end":{"line":12,"column":12}},"loc":{"start":{"line":12,"column":37},"end":{"line":15,"column":1}}},"1":{"name":"(anonymous_1)","decl":{"start":{"line":17,"column":0},"end":{"line":17,"column":12}},"loc":{"start":{"line":17,"column":37},"end":{"line":23,"column":1}}}},"branchMap":{"0":{"loc":{"start":{"line":12,"column":12},"end":{"line":12,"column":null}},"type":"binary-expr","locations":[{"start":{"line":12,"column":12},"end":{"line":12,"column":37}},{"start":{"line":12,"column":12},"end":{"line":12,"column":null}}]},"1":{"loc":{"start":{"line":17,"column":12},"end":{"line":17,"column":null}},"type":"binary-expr","locations":[{"start":{"line":17,"column":12},"end":{"line":17,"column":37}},{"start":{"line":17,"column":12},"end":{"line":17,"column":null}}]},"2":{"loc":{"start":{"line":28,"column":2},"end":{"line":33,"column":null}},"type":"if","locations":[{"start":{"line":28,"column":2},"end":{"line":33,"column":null}},{"start":{"line":28,"column":2},"end":{"line":33,"column":null}}]},"3":{"loc":{"start":{"line":37,"column":2},"end":{"line":42,"column":null}},"type":"if","locations":[{"start":{"line":37,"column":2},"end":{"line":42,"column":null}},{"start":{"line":37,"column":2},"end":{"line":42,"column":null}}]}},"s":{"0":1,"1":1,"2":1,"3":1,"4":1,"5":1,"6":1,"7":1,"8":1,"9":1,"10":1,"11":1,"12":10,"13":5,"14":1,"15":4,"16":2,"17":1},"f":{"0":1,"1":1},"b":{"0":[1,1],"1":[1,1],"2":[5,5],"3":[2,2]}}
}
