{"/mnt/c/Code/holochain-react-redux-starter/client/src/app/store.ts": {"path":"/mnt/c/Code/holochain-react-redux-starter/client/src/app/store.ts","statementMap":{"0":{"start":{"line":1,"column":0},"end":{"line":1,"column":71}},"1":{"start":{"line":4,"column":0},"end":{"line":4,"column":48}},"2":{"start":{"line":5,"column":0},"end":{"line":5,"column":48}},"3":{"start":{"line":6,"column":0},"end":{"line":6,"column":44}},"4":{"start":{"line":7,"column":0},"end":{"line":7,"column":48}},"5":{"start":{"line":9,"column":0},"end":{"line":9,"column":64}},"6":{"start":{"line":10,"column":0},"end":{"line":10,"column":41}},"7":{"start":{"line":12,"column":13},"end":{"line":23,"column":3}},"8":{"start":{"line":20,"column":4},"end":{"line":22,"column":46}}},"fnMap":{"0":{"name":"(anonymous_0)","decl":{"start":{"line":19,"column":14},"end":{"line":19,"column":15}},"loc":{"start":{"line":20,"column":4},"end":{"line":22,"column":46}}}},"branchMap":{},"s":{"0":2,"1":2,"2":2,"3":2,"4":2,"5":2,"6":2,"7":2,"8":2},"f":{"0":2},"b":{}}
,"/mnt/c/Code/holochain-react-redux-starter/client/src/features/todo/actions.ts": {"path":"/mnt/c/Code/holochain-react-redux-starter/client/src/features/todo/actions.ts","statementMap":{"0":{"start":{"line":1,"column":0},"end":{"line":1,"column":38}},"1":{"start":{"line":9,"column":4},"end":{"line":9,"column":21}},"2":{"start":{"line":12,"column":2},"end":{"line":12,"column":12}},"3":{"start":{"line":13,"column":2},"end":{"line":13,"column":12}},"4":{"start":{"line":14,"column":2},"end":{"line":14,"column":12}},"5":{"start":{"line":15,"column":2},"end":{"line":15,"column":12}},"6":{"start":{"line":16,"column":2},"end":{"line":16,"column":12}},"7":{"start":{"line":17,"column":2},"end":{"line":17,"column":12}}},"fnMap":{},"branchMap":{},"s":{"0":2,"1":2,"2":2,"3":2,"4":2,"5":2,"6":2,"7":2},"f":{},"b":{}}
,"/mnt/c/Code/holochain-react-redux-starter/client/src/features/todo/reducer.ts": {"path":"/mnt/c/Code/holochain-react-redux-starter/client/src/features/todo/reducer.ts","statementMap":{"0":{"start":{"line":1,"column":0},"end":{"line":1,"column":62}},"1":{"start":{"line":3,"column":0},"end":{"line":3,"column":30}},"2":{"start":{"line":5,"column":13},"end":{"line":7,"column":2}},"3":{"start":{"line":33,"column":13},"end":{"line":90,"column":3}},"4":{"start":{"line":38,"column":28},"end":{"line":38,"column":47}},"5":{"start":{"line":39,"column":6},"end":{"line":41,"column":null}},"6":{"start":{"line":45,"column":6},"end":{"line":45,"column":38}},"7":{"start":{"line":48,"column":28},"end":{"line":48,"column":47}},"8":{"start":{"line":49,"column":6},"end":{"line":51,"column":null}},"9":{"start":{"line":55,"column":31},"end":{"line":55,"column":45}},"10":{"start":{"line":56,"column":6},"end":{"line":60,"column":null}},"11":{"start":{"line":57,"column":8},"end":{"line":57,"column":49}},"12":{"start":{"line":59,"column":8},"end":{"line":59,"column":46}},"13":{"start":{"line":63,"column":29},"end":{"line":63,"column":43}},"14":{"start":{"line":65,"column":16},"end":{"line":65,"column":31}},"15":{"start":{"line":66,"column":6},"end":{"line":68,"column":8}},"16":{"start":{"line":67,"column":22},"end":{"line":67,"column":34}},"17":{"start":{"line":69,"column":6},"end":{"line":69,"column":19}},"18":{"start":{"line":72,"column":36},"end":{"line":72,"column":50}},"19":{"start":{"line":75,"column":8},"end":{"line":78,"column":10}},"20":{"start":{"line":77,"column":10},"end":{"line":77,"column":41}},"21":{"start":{"line":79,"column":16},"end":{"line":79,"column":31}},"22":{"start":{"line":80,"column":22},"end":{"line":80,"column":55}},"23":{"start":{"line":81,"column":6},"end":{"line":84,"column":9}},"24":{"start":{"line":85,"column":6},"end":{"line":85,"column":46}},"25":{"start":{"line":86,"column":6},"end":{"line":86,"column":15}},"26":{"start":{"line":87,"column":6},"end":{"line":87,"column":19}},"27":{"start":{"line":92,"column":0},"end":{"line":92,"column":33}}},"fnMap":{"0":{"name":"(anonymous_0)","decl":{"start":{"line":37,"column":4},"end":{"line":37,"column":14}},"loc":{"start":{"line":37,"column":59},"end":{"line":43,"column":5}}},"1":{"name":"(anonymous_1)","decl":{"start":{"line":44,"column":4},"end":{"line":44,"column":14}},"loc":{"start":{"line":44,"column":62},"end":{"line":46,"column":5}}},"2":{"name":"(anonymous_2)","decl":{"start":{"line":47,"column":4},"end":{"line":47,"column":14}},"loc":{"start":{"line":47,"column":59},"end":{"line":53,"column":5}}},"3":{"name":"(anonymous_3)","decl":{"start":{"line":54,"column":4},"end":{"line":54,"column":14}},"loc":{"start":{"line":54,"column":59},"end":{"line":61,"column":5}}},"4":{"name":"(anonymous_4)","decl":{"start":{"line":62,"column":4},"end":{"line":62,"column":14}},"loc":{"start":{"line":62,"column":62},"end":{"line":70,"column":5}}},"5":{"name":"(anonymous_5)","decl":{"start":{"line":67,"column":8},"end":{"line":67,"column":9}},"loc":{"start":{"line":67,"column":22},"end":{"line":67,"column":34}}},"6":{"name":"(anonymous_6)","decl":{"start":{"line":71,"column":4},"end":{"line":71,"column":14}},"loc":{"start":{"line":71,"column":62},"end":{"line":88,"column":5}}},"7":{"name":"(anonymous_7)","decl":{"start":{"line":76,"column":38},"end":{"line":76,"column":39}},"loc":{"start":{"line":76,"column":47},"end":{"line":78,"column":9}}}},"branchMap":{"0":{"loc":{"start":{"line":41,"column":31},"end":{"line":41,"column":36}},"type":"binary-expr","locations":[{"start":{"line":41,"column":31},"end":{"line":41,"column":36}},{"start":{"line":41,"column":40},"end":{"line":41,"column":42}}]},"1":{"loc":{"start":{"line":56,"column":6},"end":{"line":60,"column":null}},"type":"if","locations":[{"start":{"line":56,"column":6},"end":{"line":60,"column":null}},{"start":{"line":56,"column":6},"end":{"line":60,"column":null}}]},"2":{"loc":{"start":{"line":56,"column":23},"end":{"line":56,"column":25}},"type":"cond-expr","locations":[{"start":{"line":56,"column":23},"end":{"line":56,"column":25}},{"start":{"line":56,"column":23},"end":{"line":56,"column":30}}]},"3":{"loc":{"start":{"line":56,"column":10},"end":{"line":56,"column":25}},"type":"binary-expr","locations":[{"start":{"line":56,"column":10},"end":{"line":56,"column":25}},{"start":{"line":56,"column":23},"end":{"line":56,"column":25}}]},"4":{"loc":{"start":{"line":57,"column":36},"end":{"line":57,"column":38}},"type":"cond-expr","locations":[{"start":{"line":57,"column":36},"end":{"line":57,"column":38}},{"start":{"line":57,"column":36},"end":{"line":57,"column":48}}]},"5":{"loc":{"start":{"line":57,"column":8},"end":{"line":57,"column":38}},"type":"binary-expr","locations":[{"start":{"line":57,"column":8},"end":{"line":57,"column":38}},{"start":{"line":57,"column":36},"end":{"line":57,"column":38}}]},"6":{"loc":{"start":{"line":75,"column":8},"end":{"line":75,"column":21}},"type":"binary-expr","locations":[{"start":{"line":75,"column":8},"end":{"line":75,"column":21}},{"start":{"line":76,"column":8},"end":{"line":78,"column":10}}]},"7":{"loc":{"start":{"line":80,"column":27},"end":{"line":80,"column":47}},"type":"binary-expr","locations":[{"start":{"line":80,"column":27},"end":{"line":80,"column":47}},{"start":{"line":80,"column":51},"end":{"line":80,"column":53}}]},"8":{"loc":{"start":{"line":80,"column":40},"end":{"line":80,"column":42}},"type":"cond-expr","locations":[{"start":{"line":80,"column":40},"end":{"line":80,"column":42}},{"start":{"line":80,"column":40},"end":{"line":80,"column":47}}]},"9":{"loc":{"start":{"line":80,"column":27},"end":{"line":80,"column":42}},"type":"binary-expr","locations":[{"start":{"line":80,"column":27},"end":{"line":80,"column":42}},{"start":{"line":80,"column":40},"end":{"line":80,"column":42}}]},"10":{"loc":{"start":{"line":82,"column":8},"end":{"line":82,"column":39}},"type":"binary-expr","locations":[{"start":{"line":82,"column":8},"end":{"line":82,"column":39}},{"start":{"line":82,"column":43},"end":{"line":82,"column":45}}]},"11":{"loc":{"start":{"line":85,"column":6},"end":{"line":85,"column":11}},"type":"binary-expr","locations":[{"start":{"line":85,"column":6},"end":{"line":85,"column":11}},{"start":{"line":85,"column":16},"end":{"line":85,"column":44}}]}},"s":{"0":2,"1":2,"2":2,"3":2,"4":16,"5":16,"6":1,"7":2,"8":2,"9":3,"10":3,"11":3,"12":0,"13":3,"14":3,"15":3,"16":3,"17":3,"18":5,"19":5,"20":5,"21":5,"22":5,"23":5,"24":5,"25":5,"26":5,"27":2},"f":{"0":16,"1":1,"2":2,"3":3,"4":3,"5":3,"6":5,"7":5},"b":{"0":[16,5],"1":[3,0],"2":[0,3],"3":[3,3],"4":[0,3],"5":[3,3],"6":[5,5],"7":[5,0],"8":[0,5],"9":[5,5],"10":[5,0],"11":[5,0]}}
,"/mnt/c/Code/holochain-react-redux-starter/client/src/features/todo/components/TodoItem/index.tsx": {"path":"/mnt/c/Code/holochain-react-redux-starter/client/src/features/todo/components/TodoItem/index.tsx","statementMap":{"0":{"start":{"line":1,"column":0},"end":{"line":1,"column":40}},"1":{"start":{"line":11,"column":43},"end":{"line":36,"column":1}},"2":{"start":{"line":16,"column":38},"end":{"line":16,"column":68}},"3":{"start":{"line":17,"column":2},"end":{"line":35,"column":4}},"4":{"start":{"line":11,"column":13},"end":{"line":11,"column":43}}},"fnMap":{"0":{"name":"(anonymous_0)","decl":{"start":{"line":11,"column":43},"end":{"line":11,"column":44}},"loc":{"start":{"line":15,"column":5},"end":{"line":36,"column":1}}}},"branchMap":{"0":{"loc":{"start":{"line":19,"column":37},"end":{"line":19,"column":47}},"type":"cond-expr","locations":[{"start":{"line":19,"column":37},"end":{"line":19,"column":47}},{"start":{"line":19,"column":50},"end":{"line":19,"column":62}}]}},"s":{"0":2,"1":2,"2":31,"3":31,"4":2},"f":{"0":31},"b":{"0":[13,18]}}
,"/mnt/c/Code/holochain-react-redux-starter/client/src/features/todo/components/TodoList/index.tsx": {"path":"/mnt/c/Code/holochain-react-redux-starter/client/src/features/todo/components/TodoList/index.tsx","statementMap":{"0":{"start":{"line":1,"column":0},"end":{"line":1,"column":40}},"1":{"start":{"line":4,"column":0},"end":{"line":4,"column":48}},"2":{"start":{"line":5,"column":0},"end":{"line":5,"column":34}},"3":{"start":{"line":7,"column":0},"end":{"line":7,"column":34}},"4":{"start":{"line":8,"column":0},"end":{"line":8,"column":43}},"5":{"start":{"line":9,"column":0},"end":{"line":9,"column":55}},"6":{"start":{"line":15,"column":36},"end":{"line":62,"column":1}},"7":{"start":{"line":16,"column":40},"end":{"line":19,"column":4}},"8":{"start":{"line":21,"column":19},"end":{"line":21,"column":35}},"9":{"start":{"line":23,"column":23},"end":{"line":28,"column":3}},"10":{"start":{"line":24,"column":21},"end":{"line":24,"column":37}},"11":{"start":{"line":25,"column":15},"end":{"line":25,"column":61}},"12":{"start":{"line":26,"column":22},"end":{"line":26,"column":46}},"13":{"start":{"line":27,"column":4},"end":{"line":27,"column":54}},"14":{"start":{"line":30,"column":24},"end":{"line":41,"column":3}},"15":{"start":{"line":31,"column":17},"end":{"line":31,"column":52}},"16":{"start":{"line":32,"column":25},"end":{"line":35,"column":6}},"17":{"start":{"line":36,"column":4},"end":{"line":36,"column":27}},"18":{"start":{"line":37,"column":4},"end":{"line":40,"column":7}},"19":{"start":{"line":43,"column":2},"end":{"line":61,"column":4}},"20":{"start":{"line":47,"column":10},"end":{"line":54,"column":12}},"21":{"start":{"line":58,"column":54},"end":{"line":58,"column":63}},"22":{"start":{"line":64,"column":0},"end":{"line":64,"column":21}}},"fnMap":{"0":{"name":"(anonymous_0)","decl":{"start":{"line":15,"column":36},"end":{"line":15,"column":37}},"loc":{"start":{"line":15,"column":72},"end":{"line":62,"column":1}}},"1":{"name":"(anonymous_1)","decl":{"start":{"line":23,"column":23},"end":{"line":23,"column":24}},"loc":{"start":{"line":23,"column":34},"end":{"line":28,"column":3}}},"2":{"name":"(anonymous_2)","decl":{"start":{"line":30,"column":24},"end":{"line":30,"column":25}},"loc":{"start":{"line":30,"column":35},"end":{"line":41,"column":3}}},"3":{"name":"(anonymous_3)","decl":{"start":{"line":46,"column":31},"end":{"line":46,"column":32}},"loc":{"start":{"line":46,"column":50},"end":{"line":55,"column":9}}},"4":{"name":"(anonymous_4)","decl":{"start":{"line":58,"column":40},"end":{"line":58,"column":41}},"loc":{"start":{"line":58,"column":54},"end":{"line":58,"column":63}}}},"branchMap":{},"s":{"0":1,"1":1,"2":1,"3":1,"4":1,"5":1,"6":1,"7":8,"8":8,"9":8,"10":2,"11":2,"12":2,"13":2,"14":8,"15":0,"16":0,"17":0,"18":0,"19":8,"20":24,"21":24,"22":1},"f":{"0":8,"1":2,"2":0,"3":24,"4":24},"b":{}}
}
