TN:
SF:src/app/store.ts
FN:19,(anonymous_0)
FNF:1
FNH:1
FNDA:2,(anonymous_0)
DA:1,2
DA:4,2
DA:5,2
DA:6,2
DA:7,2
DA:9,2
DA:10,2
DA:12,2
DA:20,2
LF:9
LH:9
BRF:0
BRH:0
end_of_record
TN:
SF:src/app/utils.ts
FN:5,(anonymous_0)
FN:8,(anonymous_1)
FNF:2
FNH:0
FNDA:0,(anonymous_0)
FNDA:0,(anonymous_1)
DA:1,2
DA:5,2
DA:6,0
DA:8,2
DA:12,0
DA:13,0
LF:6
LH:3
BRDA:13,0,0,0
BRDA:13,0,1,0
BRF:2
BRH:0
end_of_record
TN:
SF:src/features/todo/actions.ts
FNF:0
FNH:0
DA:1,2
DA:9,2
DA:12,2
DA:13,2
DA:14,2
DA:15,2
DA:16,2
DA:17,2
LF:8
LH:8
BRF:0
BRH:0
end_of_record
TN:
SF:src/features/todo/reducer.ts
FN:37,(anonymous_0)
FN:44,(anonymous_1)
FN:47,(anonymous_2)
FN:54,(anonymous_3)
FN:62,(anonymous_4)
FN:66,(anonymous_5)
FN:70,(anonymous_6)
FN:74,(anonymous_7)
FNF:8
FNH:8
FNDA:27,(anonymous_0)
FNDA:1,(anonymous_1)
FNDA:2,(anonymous_2)
FNDA:3,(anonymous_3)
FNDA:10,(anonymous_4)
FNDA:22,(anonymous_5)
FNDA:3,(anonymous_6)
FNDA:3,(anonymous_7)
DA:1,2
DA:3,2
DA:5,2
DA:33,2
DA:38,27
DA:39,27
DA:45,1
DA:48,2
DA:49,2
DA:55,3
DA:56,3
DA:57,3
DA:59,0
DA:63,10
DA:64,10
DA:65,10
DA:66,22
DA:68,10
DA:71,3
DA:73,3
DA:75,3
DA:77,3
DA:78,3
DA:79,3
DA:83,3
DA:84,3
DA:89,2
LF:27
LH:26
BRDA:41,0,0,27
BRDA:41,0,1,5
BRDA:56,1,0,3
BRDA:56,1,1,0
BRDA:56,2,0,0
BRDA:56,2,1,3
BRDA:56,3,0,3
BRDA:56,3,1,3
BRDA:57,4,0,0
BRDA:57,4,1,3
BRDA:57,5,0,3
BRDA:57,5,1,3
BRDA:73,6,0,3
BRDA:73,6,1,3
BRDA:78,7,0,3
BRDA:78,7,1,0
BRDA:78,8,0,0
BRDA:78,8,1,3
BRDA:78,9,0,3
BRDA:78,9,1,3
BRDA:80,10,0,3
BRDA:80,10,1,0
BRDA:83,11,0,3
BRDA:83,11,1,3
BRF:24
BRH:18
end_of_record
TN:
SF:src/features/todo/components/TodoItem/index.tsx
FN:11,(anonymous_0)
FN:17,(anonymous_1)
FNF:2
FNH:2
FNDA:79,(anonymous_0)
FNDA:58,(anonymous_1)
DA:1,2
DA:11,2
DA:16,79
DA:17,79
DA:18,58
DA:21,79
LF:6
LH:6
BRDA:24,0,0,29
BRDA:24,0,1,50
BRDA:26,1,0,29
BRDA:26,1,1,50
BRF:4
BRH:4
end_of_record
TN:
SF:src/features/todo/components/TodoList/Footer.tsx
FN:9,(anonymous_0)
FNF:1
FNH:1
FNDA:31,(anonymous_0)
DA:1,1
DA:9,1
DA:14,31
LF:3
LH:3
BRDA:17,0,0,17
BRDA:17,0,1,14
BRF:2
BRH:2
end_of_record
TN:
SF:src/features/todo/components/TodoList/index.tsx
FN:15,(anonymous_0)
FN:23,(anonymous_1)
FN:34,(anonymous_2)
FN:40,(anonymous_3)
FN:46,(anonymous_4)
FN:57,(anonymous_5)
FN:70,(anonymous_6)
FN:86,(anonymous_7)
FN:98,(anonymous_8)
FNF:9
FNH:8
FNDA:31,(anonymous_0)
FNDA:3,(anonymous_1)
FNDA:3,(anonymous_2)
FNDA:3,(anonymous_3)
FNDA:1,(anonymous_4)
FNDA:7,(anonymous_5)
FNDA:0,(anonymous_6)
FNDA:71,(anonymous_7)
FNDA:71,(anonymous_8)
DA:1,1
DA:4,1
DA:5,1
DA:7,1
DA:8,1
DA:9,1
DA:15,1
DA:16,31
DA:21,31
DA:23,31
DA:24,3
DA:26,1
DA:30,1
DA:32,1
DA:34,3
DA:36,1
DA:38,1
DA:40,3
DA:42,1
DA:46,31
DA:47,1
DA:48,1
DA:49,1
DA:50,1
DA:51,1
DA:57,31
DA:58,7
DA:59,7
DA:63,7
DA:64,7
DA:70,31
DA:83,31
DA:87,71
DA:98,71
DA:106,1
LF:35
LH:35
BRDA:25,0,0,1
BRDA:25,0,1,1
BRDA:25,0,2,1
BRF:3
BRH:3
end_of_record
