TN:
SF:src/app/store.ts
FN:19,(anonymous_0)
FNF:1
FNH:1
FNDA:2,(anonymous_0)
DA:1,2
DA:4,2
DA:5,2
DA:6,2
DA:7,2
DA:9,2
DA:10,2
DA:12,2
DA:20,2
LF:9
LH:9
BRF:0
BRH:0
end_of_record
TN:
SF:src/features/todo/actions.ts
FNF:0
FNH:0
DA:1,2
DA:9,2
DA:12,2
DA:13,2
DA:14,2
DA:15,2
DA:16,2
DA:17,2
LF:8
LH:8
BRF:0
BRH:0
end_of_record
TN:
SF:src/features/todo/reducer.ts
FN:37,(anonymous_0)
FN:44,(anonymous_1)
FN:47,(anonymous_2)
FN:54,(anonymous_3)
FN:62,(anonymous_4)
FN:67,(anonymous_5)
FN:71,(anonymous_6)
FN:76,(anonymous_7)
FNF:8
FNH:8
FNDA:16,(anonymous_0)
FNDA:1,(anonymous_1)
FNDA:2,(anonymous_2)
FNDA:3,(anonymous_3)
FNDA:3,(anonymous_4)
FNDA:3,(anonymous_5)
FNDA:5,(anonymous_6)
FNDA:5,(anonymous_7)
DA:1,2
DA:3,2
DA:5,2
DA:33,2
DA:38,16
DA:39,16
DA:45,1
DA:48,2
DA:49,2
DA:55,3
DA:56,3
DA:57,3
DA:59,0
DA:63,3
DA:65,3
DA:66,3
DA:67,3
DA:69,3
DA:72,5
DA:75,5
DA:77,5
DA:79,5
DA:80,5
DA:81,5
DA:85,5
DA:86,5
DA:87,5
DA:92,2
LF:28
LH:27
BRDA:41,0,0,16
BRDA:41,0,1,5
BRDA:56,1,0,3
BRDA:56,1,1,0
BRDA:56,2,0,0
BRDA:56,2,1,3
BRDA:56,3,0,3
BRDA:56,3,1,3
BRDA:57,4,0,0
BRDA:57,4,1,3
BRDA:57,5,0,3
BRDA:57,5,1,3
BRDA:75,6,0,5
BRDA:75,6,1,5
BRDA:80,7,0,5
BRDA:80,7,1,0
BRDA:80,8,0,0
BRDA:80,8,1,5
BRDA:80,9,0,5
BRDA:80,9,1,5
BRDA:82,10,0,5
BRDA:82,10,1,0
BRDA:85,11,0,5
BRDA:85,11,1,0
BRF:24
BRH:17
end_of_record
TN:
SF:src/features/todo/components/TodoItem/index.tsx
FN:11,(anonymous_0)
FNF:1
FNH:1
FNDA:31,(anonymous_0)
DA:1,2
DA:11,2
DA:16,31
DA:17,31
LF:4
LH:4
BRDA:19,0,0,13
BRDA:19,0,1,18
BRF:2
BRH:2
end_of_record
TN:
SF:src/features/todo/components/TodoList/index.tsx
FN:15,(anonymous_0)
FN:23,(anonymous_1)
FN:30,(anonymous_2)
FN:46,(anonymous_3)
FN:58,(anonymous_4)
FNF:5
FNH:4
FNDA:8,(anonymous_0)
FNDA:2,(anonymous_1)
FNDA:0,(anonymous_2)
FNDA:24,(anonymous_3)
FNDA:24,(anonymous_4)
DA:1,1
DA:4,1
DA:5,1
DA:7,1
DA:8,1
DA:9,1
DA:15,1
DA:16,8
DA:21,8
DA:23,8
DA:24,2
DA:25,2
DA:26,2
DA:27,2
DA:30,8
DA:31,0
DA:32,0
DA:36,0
DA:37,0
DA:43,8
DA:47,24
DA:58,24
DA:64,1
LF:23
LH:19
BRF:0
BRH:0
end_of_record
